[Timestamp: 2025-05-29 13:32:50]
form1.title: facebook.com
form1.username: fakhririzal
form1.password: Fakhririzal123!

[Timestamp: 2025-06-02 21:29:19]
form1.title: learning
form1.username: fakhri.43324010008
form1.password: Fakhririei

[Timestamp: 2025-06-12 11:38:04]
form1.title: learning
form1.username: fakhri
form1.password: Fakhri2232

[Timestamp: 2025-06-12 11:42:22]
form1.title: learning
form1.username: fakhri
form1.password: fakhri

[Timestamp: 2025-06-17 19:22:23]
form1.title: learning
form1.username: fakhri
form1.password: Fakhri

[Timestamp: 2025-06-17 19:29:23]
form1.title: learning
form1.username: fakhri
form1.password: Fakhri

[Timestamp: 2025-06-17 19:35:02]
form1.title: learning
form1.username: Fakhri
form1.password: Fakhri

[Timestamp: 2025-06-17 20:11:16]
form1.title: learning
form1.username: Fakhri
form1.password: Fakhri

[Timestamp: 2025-06-17 20:36:18]
form1.title: learning
form1.username: Fakhri
form1.password: Fakhririzal

